<?xml version="1.0" encoding="UTF-8"?>
<!-- Generated by org.testng.reporters.JUnitReportReporter -->
<testsuite skipped="0" hostname="DESKTOP-0SONAS9" name="SkyVillTestDemo.HomePage" tests="1" failures="0" timestamp="2022-12-26T11:34:46 IST" time="74.372" errors="0">
  <testcase name="HomepageVerify" time="74.372" classname="SkyVillTestDemo.HomePage"/>
  <system-out/>
</testsuite> <!-- SkyVillTestDemo.HomePage -->
